2020-04-12 20:40:08.471 [main] [34mINFO [0;39m com.easygql.GraphqlSpringBootApplication - Starting GraphqlSpringBootApplication v1.0-SNAPSHOT on 742e55a9c331 with PID 1 (/app.jar started by root in /)
2020-04-12 20:40:08.486 [main] [34mINFO [0;39m com.easygql.GraphqlSpringBootApplication - No active profile set, falling back to default profiles: default
2020-04-12 20:40:11.486 [main] [34mINFO [0;39m com.easygql.service.EasyGQLInitator - Loading ThirdAPIS...
2020-04-12 20:40:11.491 [main] [31mWARN [0;39m o.s.b.w.r.c.AnnotationConfigReactiveWebServerApplicationContext - Exception encountered during context initialization - cancelling refresh attempt: org.springframework.beans.factory.BeanCreationException: Error creating bean with name 'schemaservice': Invocation of init method failed; nested exception is java.lang.NullPointerException
2020-04-12 20:40:11.573 [main] [34mINFO [0;39m o.s.b.a.l.ConditionEvaluationReportLoggingListener - 

Error starting ApplicationContext. To display the conditions report re-run your application with 'debug' enabled.
2020-04-12 20:40:11.582 [main] [1;31mERROR[0;39m org.springframework.boot.SpringApplication - Application run failed
org.springframework.beans.factory.BeanCreationException: Error creating bean with name 'schemaservice': Invocation of init method failed; nested exception is java.lang.NullPointerException
	at org.springframework.beans.factory.annotation.InitDestroyAnnotationBeanPostProcessor.postProcessBeforeInitialization(InitDestroyAnnotationBeanPostProcessor.java:139)
	at org.springframework.beans.factory.support.AbstractAutowireCapableBeanFactory.applyBeanPostProcessorsBeforeInitialization(AbstractAutowireCapableBeanFactory.java:419)
	at org.springframework.beans.factory.support.AbstractAutowireCapableBeanFactory.initializeBean(AbstractAutowireCapableBeanFactory.java:1737)
	at org.springframework.beans.factory.support.AbstractAutowireCapableBeanFactory.doCreateBean(AbstractAutowireCapableBeanFactory.java:576)
	at org.springframework.beans.factory.support.AbstractAutowireCapableBeanFactory.createBean(AbstractAutowireCapableBeanFactory.java:498)
	at org.springframework.beans.factory.support.AbstractBeanFactory.lambda$doGetBean$0(AbstractBeanFactory.java:320)
	at org.springframework.beans.factory.support.DefaultSingletonBeanRegistry.getSingleton(DefaultSingletonBeanRegistry.java:222)
	at org.springframework.beans.factory.support.AbstractBeanFactory.doGetBean(AbstractBeanFactory.java:318)
	at org.springframework.beans.factory.support.AbstractBeanFactory.getBean(AbstractBeanFactory.java:199)
	at org.springframework.beans.factory.support.DefaultListableBeanFactory.preInstantiateSingletons(DefaultListableBeanFactory.java:846)
	at org.springframework.context.support.AbstractApplicationContext.finishBeanFactoryInitialization(AbstractApplicationContext.java:863)
	at org.springframework.context.support.AbstractApplicationContext.refresh(AbstractApplicationContext.java:546)
	at org.springframework.boot.web.reactive.context.ReactiveWebServerApplicationContext.refresh(ReactiveWebServerApplicationContext.java:67)
	at org.springframework.boot.SpringApplication.refresh(SpringApplication.java:775)
	at org.springframework.boot.SpringApplication.refreshContext(SpringApplication.java:397)
	at org.springframework.boot.SpringApplication.run(SpringApplication.java:316)
	at com.easygql.GraphqlSpringBootApplication.main(GraphqlSpringBootApplication.java:20)
	at sun.reflect.NativeMethodAccessorImpl.invoke0(Native Method)
	at sun.reflect.NativeMethodAccessorImpl.invoke(NativeMethodAccessorImpl.java:62)
	at sun.reflect.DelegatingMethodAccessorImpl.invoke(DelegatingMethodAccessorImpl.java:43)
	at java.lang.reflect.Method.invoke(Method.java:498)
	at org.springframework.boot.loader.MainMethodRunner.run(MainMethodRunner.java:48)
	at org.springframework.boot.loader.Launcher.launch(Launcher.java:87)
	at org.springframework.boot.loader.Launcher.launch(Launcher.java:50)
	at org.springframework.boot.loader.JarLauncher.main(JarLauncher.java:51)
Caused by: java.lang.NullPointerException: null
	at com.easygql.config.ConfigurationProperties.<init>(ConfigurationProperties.java:494)
	at com.easygql.config.ConfigurationProperties.getInstance(ConfigurationProperties.java:533)
	at com.easygql.util.LogData.getInfoLog(LogData.java:48)
	at com.easygql.service.EasyGQLInitator.restPool(EasyGQLInitator.java:113)
	at com.easygql.service.SchemaService.init(SchemaService.java:44)
	at sun.reflect.NativeMethodAccessorImpl.invoke0(Native Method)
	at sun.reflect.NativeMethodAccessorImpl.invoke(NativeMethodAccessorImpl.java:62)
	at sun.reflect.DelegatingMethodAccessorImpl.invoke(DelegatingMethodAccessorImpl.java:43)
	at java.lang.reflect.Method.invoke(Method.java:498)
	at org.springframework.beans.factory.annotation.InitDestroyAnnotationBeanPostProcessor$LifecycleElement.invoke(InitDestroyAnnotationBeanPostProcessor.java:363)
	at org.springframework.beans.factory.annotation.InitDestroyAnnotationBeanPostProcessor$LifecycleMetadata.invokeInitMethods(InitDestroyAnnotationBeanPostProcessor.java:307)
	at org.springframework.beans.factory.annotation.InitDestroyAnnotationBeanPostProcessor.postProcessBeforeInitialization(InitDestroyAnnotationBeanPostProcessor.java:136)
	... 24 common frames omitted
2020-04-12 20:40:14.644 [main] [34mINFO [0;39m com.easygql.GraphqlSpringBootApplication - Starting GraphqlSpringBootApplication v1.0-SNAPSHOT on 742e55a9c331 with PID 1 (/app.jar started by root in /)
2020-04-12 20:40:14.656 [main] [34mINFO [0;39m com.easygql.GraphqlSpringBootApplication - No active profile set, falling back to default profiles: default
2020-04-12 20:40:17.391 [main] [34mINFO [0;39m com.easygql.service.EasyGQLInitator - Loading ThirdAPIS...
2020-04-12 20:40:17.397 [main] [31mWARN [0;39m o.s.b.w.r.c.AnnotationConfigReactiveWebServerApplicationContext - Exception encountered during context initialization - cancelling refresh attempt: org.springframework.beans.factory.BeanCreationException: Error creating bean with name 'schemaservice': Invocation of init method failed; nested exception is java.lang.NullPointerException
2020-04-12 20:40:17.479 [main] [34mINFO [0;39m o.s.b.a.l.ConditionEvaluationReportLoggingListener - 

Error starting ApplicationContext. To display the conditions report re-run your application with 'debug' enabled.
2020-04-12 20:40:17.486 [main] [1;31mERROR[0;39m org.springframework.boot.SpringApplication - Application run failed
org.springframework.beans.factory.BeanCreationException: Error creating bean with name 'schemaservice': Invocation of init method failed; nested exception is java.lang.NullPointerException
	at org.springframework.beans.factory.annotation.InitDestroyAnnotationBeanPostProcessor.postProcessBeforeInitialization(InitDestroyAnnotationBeanPostProcessor.java:139)
	at org.springframework.beans.factory.support.AbstractAutowireCapableBeanFactory.applyBeanPostProcessorsBeforeInitialization(AbstractAutowireCapableBeanFactory.java:419)
	at org.springframework.beans.factory.support.AbstractAutowireCapableBeanFactory.initializeBean(AbstractAutowireCapableBeanFactory.java:1737)
	at org.springframework.beans.factory.support.AbstractAutowireCapableBeanFactory.doCreateBean(AbstractAutowireCapableBeanFactory.java:576)
	at org.springframework.beans.factory.support.AbstractAutowireCapableBeanFactory.createBean(AbstractAutowireCapableBeanFactory.java:498)
	at org.springframework.beans.factory.support.AbstractBeanFactory.lambda$doGetBean$0(AbstractBeanFactory.java:320)
	at org.springframework.beans.factory.support.DefaultSingletonBeanRegistry.getSingleton(DefaultSingletonBeanRegistry.java:222)
	at org.springframework.beans.factory.support.AbstractBeanFactory.doGetBean(AbstractBeanFactory.java:318)
	at org.springframework.beans.factory.support.AbstractBeanFactory.getBean(AbstractBeanFactory.java:199)
	at org.springframework.beans.factory.support.DefaultListableBeanFactory.preInstantiateSingletons(DefaultListableBeanFactory.java:846)
	at org.springframework.context.support.AbstractApplicationContext.finishBeanFactoryInitialization(AbstractApplicationContext.java:863)
	at org.springframework.context.support.AbstractApplicationContext.refresh(AbstractApplicationContext.java:546)
	at org.springframework.boot.web.reactive.context.ReactiveWebServerApplicationContext.refresh(ReactiveWebServerApplicationContext.java:67)
	at org.springframework.boot.SpringApplication.refresh(SpringApplication.java:775)
	at org.springframework.boot.SpringApplication.refreshContext(SpringApplication.java:397)
	at org.springframework.boot.SpringApplication.run(SpringApplication.java:316)
	at com.easygql.GraphqlSpringBootApplication.main(GraphqlSpringBootApplication.java:20)
	at sun.reflect.NativeMethodAccessorImpl.invoke0(Native Method)
	at sun.reflect.NativeMethodAccessorImpl.invoke(NativeMethodAccessorImpl.java:62)
	at sun.reflect.DelegatingMethodAccessorImpl.invoke(DelegatingMethodAccessorImpl.java:43)
	at java.lang.reflect.Method.invoke(Method.java:498)
	at org.springframework.boot.loader.MainMethodRunner.run(MainMethodRunner.java:48)
	at org.springframework.boot.loader.Launcher.launch(Launcher.java:87)
	at org.springframework.boot.loader.Launcher.launch(Launcher.java:50)
	at org.springframework.boot.loader.JarLauncher.main(JarLauncher.java:51)
Caused by: java.lang.NullPointerException: null
	at com.easygql.config.ConfigurationProperties.<init>(ConfigurationProperties.java:494)
	at com.easygql.config.ConfigurationProperties.getInstance(ConfigurationProperties.java:533)
	at com.easygql.util.LogData.getInfoLog(LogData.java:48)
	at com.easygql.service.EasyGQLInitator.restPool(EasyGQLInitator.java:113)
	at com.easygql.service.SchemaService.init(SchemaService.java:44)
	at sun.reflect.NativeMethodAccessorImpl.invoke0(Native Method)
	at sun.reflect.NativeMethodAccessorImpl.invoke(NativeMethodAccessorImpl.java:62)
	at sun.reflect.DelegatingMethodAccessorImpl.invoke(DelegatingMethodAccessorImpl.java:43)
	at java.lang.reflect.Method.invoke(Method.java:498)
	at org.springframework.beans.factory.annotation.InitDestroyAnnotationBeanPostProcessor$LifecycleElement.invoke(InitDestroyAnnotationBeanPostProcessor.java:363)
	at org.springframework.beans.factory.annotation.InitDestroyAnnotationBeanPostProcessor$LifecycleMetadata.invokeInitMethods(InitDestroyAnnotationBeanPostProcessor.java:307)
	at org.springframework.beans.factory.annotation.InitDestroyAnnotationBeanPostProcessor.postProcessBeforeInitialization(InitDestroyAnnotationBeanPostProcessor.java:136)
	... 24 common frames omitted
2020-04-12 20:40:20.527 [main] [34mINFO [0;39m com.easygql.GraphqlSpringBootApplication - Starting GraphqlSpringBootApplication v1.0-SNAPSHOT on 742e55a9c331 with PID 1 (/app.jar started by root in /)
2020-04-12 20:40:20.534 [main] [34mINFO [0;39m com.easygql.GraphqlSpringBootApplication - No active profile set, falling back to default profiles: default
2020-04-12 20:40:23.297 [main] [34mINFO [0;39m com.easygql.service.EasyGQLInitator - Loading ThirdAPIS...
2020-04-12 20:40:23.302 [main] [31mWARN [0;39m o.s.b.w.r.c.AnnotationConfigReactiveWebServerApplicationContext - Exception encountered during context initialization - cancelling refresh attempt: org.springframework.beans.factory.BeanCreationException: Error creating bean with name 'schemaservice': Invocation of init method failed; nested exception is java.lang.NullPointerException
2020-04-12 20:40:23.394 [main] [34mINFO [0;39m o.s.b.a.l.ConditionEvaluationReportLoggingListener - 

Error starting ApplicationContext. To display the conditions report re-run your application with 'debug' enabled.
2020-04-12 20:40:23.408 [main] [1;31mERROR[0;39m org.springframework.boot.SpringApplication - Application run failed
org.springframework.beans.factory.BeanCreationException: Error creating bean with name 'schemaservice': Invocation of init method failed; nested exception is java.lang.NullPointerException
	at org.springframework.beans.factory.annotation.InitDestroyAnnotationBeanPostProcessor.postProcessBeforeInitialization(InitDestroyAnnotationBeanPostProcessor.java:139)
	at org.springframework.beans.factory.support.AbstractAutowireCapableBeanFactory.applyBeanPostProcessorsBeforeInitialization(AbstractAutowireCapableBeanFactory.java:419)
	at org.springframework.beans.factory.support.AbstractAutowireCapableBeanFactory.initializeBean(AbstractAutowireCapableBeanFactory.java:1737)
	at org.springframework.beans.factory.support.AbstractAutowireCapableBeanFactory.doCreateBean(AbstractAutowireCapableBeanFactory.java:576)
	at org.springframework.beans.factory.support.AbstractAutowireCapableBeanFactory.createBean(AbstractAutowireCapableBeanFactory.java:498)
	at org.springframework.beans.factory.support.AbstractBeanFactory.lambda$doGetBean$0(AbstractBeanFactory.java:320)
	at org.springframework.beans.factory.support.DefaultSingletonBeanRegistry.getSingleton(DefaultSingletonBeanRegistry.java:222)
	at org.springframework.beans.factory.support.AbstractBeanFactory.doGetBean(AbstractBeanFactory.java:318)
	at org.springframework.beans.factory.support.AbstractBeanFactory.getBean(AbstractBeanFactory.java:199)
	at org.springframework.beans.factory.support.DefaultListableBeanFactory.preInstantiateSingletons(DefaultListableBeanFactory.java:846)
	at org.springframework.context.support.AbstractApplicationContext.finishBeanFactoryInitialization(AbstractApplicationContext.java:863)
	at org.springframework.context.support.AbstractApplicationContext.refresh(AbstractApplicationContext.java:546)
	at org.springframework.boot.web.reactive.context.ReactiveWebServerApplicationContext.refresh(ReactiveWebServerApplicationContext.java:67)
	at org.springframework.boot.SpringApplication.refresh(SpringApplication.java:775)
	at org.springframework.boot.SpringApplication.refreshContext(SpringApplication.java:397)
	at org.springframework.boot.SpringApplication.run(SpringApplication.java:316)
	at com.easygql.GraphqlSpringBootApplication.main(GraphqlSpringBootApplication.java:20)
	at sun.reflect.NativeMethodAccessorImpl.invoke0(Native Method)
	at sun.reflect.NativeMethodAccessorImpl.invoke(NativeMethodAccessorImpl.java:62)
	at sun.reflect.DelegatingMethodAccessorImpl.invoke(DelegatingMethodAccessorImpl.java:43)
	at java.lang.reflect.Method.invoke(Method.java:498)
	at org.springframework.boot.loader.MainMethodRunner.run(MainMethodRunner.java:48)
	at org.springframework.boot.loader.Launcher.launch(Launcher.java:87)
	at org.springframework.boot.loader.Launcher.launch(Launcher.java:50)
	at org.springframework.boot.loader.JarLauncher.main(JarLauncher.java:51)
Caused by: java.lang.NullPointerException: null
	at com.easygql.config.ConfigurationProperties.<init>(ConfigurationProperties.java:494)
	at com.easygql.config.ConfigurationProperties.getInstance(ConfigurationProperties.java:533)
	at com.easygql.util.LogData.getInfoLog(LogData.java:48)
	at com.easygql.service.EasyGQLInitator.restPool(EasyGQLInitator.java:113)
	at com.easygql.service.SchemaService.init(SchemaService.java:44)
	at sun.reflect.NativeMethodAccessorImpl.invoke0(Native Method)
	at sun.reflect.NativeMethodAccessorImpl.invoke(NativeMethodAccessorImpl.java:62)
	at sun.reflect.DelegatingMethodAccessorImpl.invoke(DelegatingMethodAccessorImpl.java:43)
	at java.lang.reflect.Method.invoke(Method.java:498)
	at org.springframework.beans.factory.annotation.InitDestroyAnnotationBeanPostProcessor$LifecycleElement.invoke(InitDestroyAnnotationBeanPostProcessor.java:363)
	at org.springframework.beans.factory.annotation.InitDestroyAnnotationBeanPostProcessor$LifecycleMetadata.invokeInitMethods(InitDestroyAnnotationBeanPostProcessor.java:307)
	at org.springframework.beans.factory.annotation.InitDestroyAnnotationBeanPostProcessor.postProcessBeforeInitialization(InitDestroyAnnotationBeanPostProcessor.java:136)
	... 24 common frames omitted
2020-04-12 20:40:26.717 [main] [34mINFO [0;39m com.easygql.GraphqlSpringBootApplication - Starting GraphqlSpringBootApplication v1.0-SNAPSHOT on 742e55a9c331 with PID 1 (/app.jar started by root in /)
2020-04-12 20:40:26.732 [main] [34mINFO [0;39m com.easygql.GraphqlSpringBootApplication - No active profile set, falling back to default profiles: default
2020-04-12 20:40:29.860 [main] [34mINFO [0;39m com.easygql.service.EasyGQLInitator - Loading ThirdAPIS...
2020-04-12 20:40:29.874 [main] [31mWARN [0;39m o.s.b.w.r.c.AnnotationConfigReactiveWebServerApplicationContext - Exception encountered during context initialization - cancelling refresh attempt: org.springframework.beans.factory.BeanCreationException: Error creating bean with name 'schemaservice': Invocation of init method failed; nested exception is java.lang.NullPointerException
2020-04-12 20:40:29.953 [main] [34mINFO [0;39m o.s.b.a.l.ConditionEvaluationReportLoggingListener - 

Error starting ApplicationContext. To display the conditions report re-run your application with 'debug' enabled.
2020-04-12 20:40:29.960 [main] [1;31mERROR[0;39m org.springframework.boot.SpringApplication - Application run failed
org.springframework.beans.factory.BeanCreationException: Error creating bean with name 'schemaservice': Invocation of init method failed; nested exception is java.lang.NullPointerException
	at org.springframework.beans.factory.annotation.InitDestroyAnnotationBeanPostProcessor.postProcessBeforeInitialization(InitDestroyAnnotationBeanPostProcessor.java:139)
	at org.springframework.beans.factory.support.AbstractAutowireCapableBeanFactory.applyBeanPostProcessorsBeforeInitialization(AbstractAutowireCapableBeanFactory.java:419)
	at org.springframework.beans.factory.support.AbstractAutowireCapableBeanFactory.initializeBean(AbstractAutowireCapableBeanFactory.java:1737)
	at org.springframework.beans.factory.support.AbstractAutowireCapableBeanFactory.doCreateBean(AbstractAutowireCapableBeanFactory.java:576)
	at org.springframework.beans.factory.support.AbstractAutowireCapableBeanFactory.createBean(AbstractAutowireCapableBeanFactory.java:498)
	at org.springframework.beans.factory.support.AbstractBeanFactory.lambda$doGetBean$0(AbstractBeanFactory.java:320)
	at org.springframework.beans.factory.support.DefaultSingletonBeanRegistry.getSingleton(DefaultSingletonBeanRegistry.java:222)
	at org.springframework.beans.factory.support.AbstractBeanFactory.doGetBean(AbstractBeanFactory.java:318)
	at org.springframework.beans.factory.support.AbstractBeanFactory.getBean(AbstractBeanFactory.java:199)
	at org.springframework.beans.factory.support.DefaultListableBeanFactory.preInstantiateSingletons(DefaultListableBeanFactory.java:846)
	at org.springframework.context.support.AbstractApplicationContext.finishBeanFactoryInitialization(AbstractApplicationContext.java:863)
	at org.springframework.context.support.AbstractApplicationContext.refresh(AbstractApplicationContext.java:546)
	at org.springframework.boot.web.reactive.context.ReactiveWebServerApplicationContext.refresh(ReactiveWebServerApplicationContext.java:67)
	at org.springframework.boot.SpringApplication.refresh(SpringApplication.java:775)
	at org.springframework.boot.SpringApplication.refreshContext(SpringApplication.java:397)
	at org.springframework.boot.SpringApplication.run(SpringApplication.java:316)
	at com.easygql.GraphqlSpringBootApplication.main(GraphqlSpringBootApplication.java:20)
	at sun.reflect.NativeMethodAccessorImpl.invoke0(Native Method)
	at sun.reflect.NativeMethodAccessorImpl.invoke(NativeMethodAccessorImpl.java:62)
	at sun.reflect.DelegatingMethodAccessorImpl.invoke(DelegatingMethodAccessorImpl.java:43)
	at java.lang.reflect.Method.invoke(Method.java:498)
	at org.springframework.boot.loader.MainMethodRunner.run(MainMethodRunner.java:48)
	at org.springframework.boot.loader.Launcher.launch(Launcher.java:87)
	at org.springframework.boot.loader.Launcher.launch(Launcher.java:50)
	at org.springframework.boot.loader.JarLauncher.main(JarLauncher.java:51)
Caused by: java.lang.NullPointerException: null
	at com.easygql.config.ConfigurationProperties.<init>(ConfigurationProperties.java:494)
	at com.easygql.config.ConfigurationProperties.getInstance(ConfigurationProperties.java:533)
	at com.easygql.util.LogData.getInfoLog(LogData.java:48)
	at com.easygql.service.EasyGQLInitator.restPool(EasyGQLInitator.java:113)
	at com.easygql.service.SchemaService.init(SchemaService.java:44)
	at sun.reflect.NativeMethodAccessorImpl.invoke0(Native Method)
	at sun.reflect.NativeMethodAccessorImpl.invoke(NativeMethodAccessorImpl.java:62)
	at sun.reflect.DelegatingMethodAccessorImpl.invoke(DelegatingMethodAccessorImpl.java:43)
	at java.lang.reflect.Method.invoke(Method.java:498)
	at org.springframework.beans.factory.annotation.InitDestroyAnnotationBeanPostProcessor$LifecycleElement.invoke(InitDestroyAnnotationBeanPostProcessor.java:363)
	at org.springframework.beans.factory.annotation.InitDestroyAnnotationBeanPostProcessor$LifecycleMetadata.invokeInitMethods(InitDestroyAnnotationBeanPostProcessor.java:307)
	at org.springframework.beans.factory.annotation.InitDestroyAnnotationBeanPostProcessor.postProcessBeforeInitialization(InitDestroyAnnotationBeanPostProcessor.java:136)
	... 24 common frames omitted
2020-04-12 20:40:33.393 [main] [34mINFO [0;39m com.easygql.GraphqlSpringBootApplication - Starting GraphqlSpringBootApplication v1.0-SNAPSHOT on 742e55a9c331 with PID 1 (/app.jar started by root in /)
2020-04-12 20:40:33.428 [main] [34mINFO [0;39m com.easygql.GraphqlSpringBootApplication - No active profile set, falling back to default profiles: default
2020-04-12 20:40:36.392 [main] [34mINFO [0;39m com.easygql.service.EasyGQLInitator - Loading ThirdAPIS...
2020-04-12 20:40:36.399 [main] [31mWARN [0;39m o.s.b.w.r.c.AnnotationConfigReactiveWebServerApplicationContext - Exception encountered during context initialization - cancelling refresh attempt: org.springframework.beans.factory.BeanCreationException: Error creating bean with name 'schemaservice': Invocation of init method failed; nested exception is java.lang.NullPointerException
2020-04-12 20:40:36.500 [main] [34mINFO [0;39m o.s.b.a.l.ConditionEvaluationReportLoggingListener - 

Error starting ApplicationContext. To display the conditions report re-run your application with 'debug' enabled.
2020-04-12 20:40:36.508 [main] [1;31mERROR[0;39m org.springframework.boot.SpringApplication - Application run failed
org.springframework.beans.factory.BeanCreationException: Error creating bean with name 'schemaservice': Invocation of init method failed; nested exception is java.lang.NullPointerException
	at org.springframework.beans.factory.annotation.InitDestroyAnnotationBeanPostProcessor.postProcessBeforeInitialization(InitDestroyAnnotationBeanPostProcessor.java:139)
	at org.springframework.beans.factory.support.AbstractAutowireCapableBeanFactory.applyBeanPostProcessorsBeforeInitialization(AbstractAutowireCapableBeanFactory.java:419)
	at org.springframework.beans.factory.support.AbstractAutowireCapableBeanFactory.initializeBean(AbstractAutowireCapableBeanFactory.java:1737)
	at org.springframework.beans.factory.support.AbstractAutowireCapableBeanFactory.doCreateBean(AbstractAutowireCapableBeanFactory.java:576)
	at org.springframework.beans.factory.support.AbstractAutowireCapableBeanFactory.createBean(AbstractAutowireCapableBeanFactory.java:498)
	at org.springframework.beans.factory.support.AbstractBeanFactory.lambda$doGetBean$0(AbstractBeanFactory.java:320)
	at org.springframework.beans.factory.support.DefaultSingletonBeanRegistry.getSingleton(DefaultSingletonBeanRegistry.java:222)
	at org.springframework.beans.factory.support.AbstractBeanFactory.doGetBean(AbstractBeanFactory.java:318)
	at org.springframework.beans.factory.support.AbstractBeanFactory.getBean(AbstractBeanFactory.java:199)
	at org.springframework.beans.factory.support.DefaultListableBeanFactory.preInstantiateSingletons(DefaultListableBeanFactory.java:846)
	at org.springframework.context.support.AbstractApplicationContext.finishBeanFactoryInitialization(AbstractApplicationContext.java:863)
	at org.springframework.context.support.AbstractApplicationContext.refresh(AbstractApplicationContext.java:546)
	at org.springframework.boot.web.reactive.context.ReactiveWebServerApplicationContext.refresh(ReactiveWebServerApplicationContext.java:67)
	at org.springframework.boot.SpringApplication.refresh(SpringApplication.java:775)
	at org.springframework.boot.SpringApplication.refreshContext(SpringApplication.java:397)
	at org.springframework.boot.SpringApplication.run(SpringApplication.java:316)
	at com.easygql.GraphqlSpringBootApplication.main(GraphqlSpringBootApplication.java:20)
	at sun.reflect.NativeMethodAccessorImpl.invoke0(Native Method)
	at sun.reflect.NativeMethodAccessorImpl.invoke(NativeMethodAccessorImpl.java:62)
	at sun.reflect.DelegatingMethodAccessorImpl.invoke(DelegatingMethodAccessorImpl.java:43)
	at java.lang.reflect.Method.invoke(Method.java:498)
	at org.springframework.boot.loader.MainMethodRunner.run(MainMethodRunner.java:48)
	at org.springframework.boot.loader.Launcher.launch(Launcher.java:87)
	at org.springframework.boot.loader.Launcher.launch(Launcher.java:50)
	at org.springframework.boot.loader.JarLauncher.main(JarLauncher.java:51)
Caused by: java.lang.NullPointerException: null
	at com.easygql.config.ConfigurationProperties.<init>(ConfigurationProperties.java:494)
	at com.easygql.config.ConfigurationProperties.getInstance(ConfigurationProperties.java:533)
	at com.easygql.util.LogData.getInfoLog(LogData.java:48)
	at com.easygql.service.EasyGQLInitator.restPool(EasyGQLInitator.java:113)
	at com.easygql.service.SchemaService.init(SchemaService.java:44)
	at sun.reflect.NativeMethodAccessorImpl.invoke0(Native Method)
	at sun.reflect.NativeMethodAccessorImpl.invoke(NativeMethodAccessorImpl.java:62)
	at sun.reflect.DelegatingMethodAccessorImpl.invoke(DelegatingMethodAccessorImpl.java:43)
	at java.lang.reflect.Method.invoke(Method.java:498)
	at org.springframework.beans.factory.annotation.InitDestroyAnnotationBeanPostProcessor$LifecycleElement.invoke(InitDestroyAnnotationBeanPostProcessor.java:363)
	at org.springframework.beans.factory.annotation.InitDestroyAnnotationBeanPostProcessor$LifecycleMetadata.invokeInitMethods(InitDestroyAnnotationBeanPostProcessor.java:307)
	at org.springframework.beans.factory.annotation.InitDestroyAnnotationBeanPostProcessor.postProcessBeforeInitialization(InitDestroyAnnotationBeanPostProcessor.java:136)
	... 24 common frames omitted
2020-04-12 20:40:40.934 [main] [34mINFO [0;39m com.easygql.GraphqlSpringBootApplication - Starting GraphqlSpringBootApplication v1.0-SNAPSHOT on 742e55a9c331 with PID 1 (/app.jar started by root in /)
2020-04-12 20:40:40.942 [main] [34mINFO [0;39m com.easygql.GraphqlSpringBootApplication - No active profile set, falling back to default profiles: default
2020-04-12 20:40:43.655 [main] [34mINFO [0;39m com.easygql.service.EasyGQLInitator - Loading ThirdAPIS...
2020-04-12 20:40:43.659 [main] [31mWARN [0;39m o.s.b.w.r.c.AnnotationConfigReactiveWebServerApplicationContext - Exception encountered during context initialization - cancelling refresh attempt: org.springframework.beans.factory.BeanCreationException: Error creating bean with name 'schemaservice': Invocation of init method failed; nested exception is java.lang.NullPointerException
2020-04-12 20:40:43.753 [main] [34mINFO [0;39m o.s.b.a.l.ConditionEvaluationReportLoggingListener - 

Error starting ApplicationContext. To display the conditions report re-run your application with 'debug' enabled.
2020-04-12 20:40:43.760 [main] [1;31mERROR[0;39m org.springframework.boot.SpringApplication - Application run failed
org.springframework.beans.factory.BeanCreationException: Error creating bean with name 'schemaservice': Invocation of init method failed; nested exception is java.lang.NullPointerException
	at org.springframework.beans.factory.annotation.InitDestroyAnnotationBeanPostProcessor.postProcessBeforeInitialization(InitDestroyAnnotationBeanPostProcessor.java:139)
	at org.springframework.beans.factory.support.AbstractAutowireCapableBeanFactory.applyBeanPostProcessorsBeforeInitialization(AbstractAutowireCapableBeanFactory.java:419)
	at org.springframework.beans.factory.support.AbstractAutowireCapableBeanFactory.initializeBean(AbstractAutowireCapableBeanFactory.java:1737)
	at org.springframework.beans.factory.support.AbstractAutowireCapableBeanFactory.doCreateBean(AbstractAutowireCapableBeanFactory.java:576)
	at org.springframework.beans.factory.support.AbstractAutowireCapableBeanFactory.createBean(AbstractAutowireCapableBeanFactory.java:498)
	at org.springframework.beans.factory.support.AbstractBeanFactory.lambda$doGetBean$0(AbstractBeanFactory.java:320)
	at org.springframework.beans.factory.support.DefaultSingletonBeanRegistry.getSingleton(DefaultSingletonBeanRegistry.java:222)
	at org.springframework.beans.factory.support.AbstractBeanFactory.doGetBean(AbstractBeanFactory.java:318)
	at org.springframework.beans.factory.support.AbstractBeanFactory.getBean(AbstractBeanFactory.java:199)
	at org.springframework.beans.factory.support.DefaultListableBeanFactory.preInstantiateSingletons(DefaultListableBeanFactory.java:846)
	at org.springframework.context.support.AbstractApplicationContext.finishBeanFactoryInitialization(AbstractApplicationContext.java:863)
	at org.springframework.context.support.AbstractApplicationContext.refresh(AbstractApplicationContext.java:546)
	at org.springframework.boot.web.reactive.context.ReactiveWebServerApplicationContext.refresh(ReactiveWebServerApplicationContext.java:67)
	at org.springframework.boot.SpringApplication.refresh(SpringApplication.java:775)
	at org.springframework.boot.SpringApplication.refreshContext(SpringApplication.java:397)
	at org.springframework.boot.SpringApplication.run(SpringApplication.java:316)
	at com.easygql.GraphqlSpringBootApplication.main(GraphqlSpringBootApplication.java:20)
	at sun.reflect.NativeMethodAccessorImpl.invoke0(Native Method)
	at sun.reflect.NativeMethodAccessorImpl.invoke(NativeMethodAccessorImpl.java:62)
	at sun.reflect.DelegatingMethodAccessorImpl.invoke(DelegatingMethodAccessorImpl.java:43)
	at java.lang.reflect.Method.invoke(Method.java:498)
	at org.springframework.boot.loader.MainMethodRunner.run(MainMethodRunner.java:48)
	at org.springframework.boot.loader.Launcher.launch(Launcher.java:87)
	at org.springframework.boot.loader.Launcher.launch(Launcher.java:50)
	at org.springframework.boot.loader.JarLauncher.main(JarLauncher.java:51)
Caused by: java.lang.NullPointerException: null
	at com.easygql.config.ConfigurationProperties.<init>(ConfigurationProperties.java:494)
	at com.easygql.config.ConfigurationProperties.getInstance(ConfigurationProperties.java:533)
	at com.easygql.util.LogData.getInfoLog(LogData.java:48)
	at com.easygql.service.EasyGQLInitator.restPool(EasyGQLInitator.java:113)
	at com.easygql.service.SchemaService.init(SchemaService.java:44)
	at sun.reflect.NativeMethodAccessorImpl.invoke0(Native Method)
	at sun.reflect.NativeMethodAccessorImpl.invoke(NativeMethodAccessorImpl.java:62)
	at sun.reflect.DelegatingMethodAccessorImpl.invoke(DelegatingMethodAccessorImpl.java:43)
	at java.lang.reflect.Method.invoke(Method.java:498)
	at org.springframework.beans.factory.annotation.InitDestroyAnnotationBeanPostProcessor$LifecycleElement.invoke(InitDestroyAnnotationBeanPostProcessor.java:363)
	at org.springframework.beans.factory.annotation.InitDestroyAnnotationBeanPostProcessor$LifecycleMetadata.invokeInitMethods(InitDestroyAnnotationBeanPostProcessor.java:307)
	at org.springframework.beans.factory.annotation.InitDestroyAnnotationBeanPostProcessor.postProcessBeforeInitialization(InitDestroyAnnotationBeanPostProcessor.java:136)
	... 24 common frames omitted
2020-04-12 20:40:49.904 [main] [34mINFO [0;39m com.easygql.GraphqlSpringBootApplication - Starting GraphqlSpringBootApplication v1.0-SNAPSHOT on 742e55a9c331 with PID 1 (/app.jar started by root in /)
2020-04-12 20:40:49.909 [main] [34mINFO [0;39m com.easygql.GraphqlSpringBootApplication - No active profile set, falling back to default profiles: default
2020-04-12 20:40:52.717 [main] [34mINFO [0;39m com.easygql.service.EasyGQLInitator - Loading ThirdAPIS...
2020-04-12 20:40:52.723 [main] [31mWARN [0;39m o.s.b.w.r.c.AnnotationConfigReactiveWebServerApplicationContext - Exception encountered during context initialization - cancelling refresh attempt: org.springframework.beans.factory.BeanCreationException: Error creating bean with name 'schemaservice': Invocation of init method failed; nested exception is java.lang.NullPointerException
2020-04-12 20:40:52.853 [main] [34mINFO [0;39m o.s.b.a.l.ConditionEvaluationReportLoggingListener - 

Error starting ApplicationContext. To display the conditions report re-run your application with 'debug' enabled.
2020-04-12 20:40:52.861 [main] [1;31mERROR[0;39m org.springframework.boot.SpringApplication - Application run failed
org.springframework.beans.factory.BeanCreationException: Error creating bean with name 'schemaservice': Invocation of init method failed; nested exception is java.lang.NullPointerException
	at org.springframework.beans.factory.annotation.InitDestroyAnnotationBeanPostProcessor.postProcessBeforeInitialization(InitDestroyAnnotationBeanPostProcessor.java:139)
	at org.springframework.beans.factory.support.AbstractAutowireCapableBeanFactory.applyBeanPostProcessorsBeforeInitialization(AbstractAutowireCapableBeanFactory.java:419)
	at org.springframework.beans.factory.support.AbstractAutowireCapableBeanFactory.initializeBean(AbstractAutowireCapableBeanFactory.java:1737)
	at org.springframework.beans.factory.support.AbstractAutowireCapableBeanFactory.doCreateBean(AbstractAutowireCapableBeanFactory.java:576)
	at org.springframework.beans.factory.support.AbstractAutowireCapableBeanFactory.createBean(AbstractAutowireCapableBeanFactory.java:498)
	at org.springframework.beans.factory.support.AbstractBeanFactory.lambda$doGetBean$0(AbstractBeanFactory.java:320)
	at org.springframework.beans.factory.support.DefaultSingletonBeanRegistry.getSingleton(DefaultSingletonBeanRegistry.java:222)
	at org.springframework.beans.factory.support.AbstractBeanFactory.doGetBean(AbstractBeanFactory.java:318)
	at org.springframework.beans.factory.support.AbstractBeanFactory.getBean(AbstractBeanFactory.java:199)
	at org.springframework.beans.factory.support.DefaultListableBeanFactory.preInstantiateSingletons(DefaultListableBeanFactory.java:846)
	at org.springframework.context.support.AbstractApplicationContext.finishBeanFactoryInitialization(AbstractApplicationContext.java:863)
	at org.springframework.context.support.AbstractApplicationContext.refresh(AbstractApplicationContext.java:546)
	at org.springframework.boot.web.reactive.context.ReactiveWebServerApplicationContext.refresh(ReactiveWebServerApplicationContext.java:67)
	at org.springframework.boot.SpringApplication.refresh(SpringApplication.java:775)
	at org.springframework.boot.SpringApplication.refreshContext(SpringApplication.java:397)
	at org.springframework.boot.SpringApplication.run(SpringApplication.java:316)
	at com.easygql.GraphqlSpringBootApplication.main(GraphqlSpringBootApplication.java:20)
	at sun.reflect.NativeMethodAccessorImpl.invoke0(Native Method)
	at sun.reflect.NativeMethodAccessorImpl.invoke(NativeMethodAccessorImpl.java:62)
	at sun.reflect.DelegatingMethodAccessorImpl.invoke(DelegatingMethodAccessorImpl.java:43)
	at java.lang.reflect.Method.invoke(Method.java:498)
	at org.springframework.boot.loader.MainMethodRunner.run(MainMethodRunner.java:48)
	at org.springframework.boot.loader.Launcher.launch(Launcher.java:87)
	at org.springframework.boot.loader.Launcher.launch(Launcher.java:50)
	at org.springframework.boot.loader.JarLauncher.main(JarLauncher.java:51)
Caused by: java.lang.NullPointerException: null
	at com.easygql.config.ConfigurationProperties.<init>(ConfigurationProperties.java:494)
	at com.easygql.config.ConfigurationProperties.getInstance(ConfigurationProperties.java:533)
	at com.easygql.util.LogData.getInfoLog(LogData.java:48)
	at com.easygql.service.EasyGQLInitator.restPool(EasyGQLInitator.java:113)
	at com.easygql.service.SchemaService.init(SchemaService.java:44)
	at sun.reflect.NativeMethodAccessorImpl.invoke0(Native Method)
	at sun.reflect.NativeMethodAccessorImpl.invoke(NativeMethodAccessorImpl.java:62)
	at sun.reflect.DelegatingMethodAccessorImpl.invoke(DelegatingMethodAccessorImpl.java:43)
	at java.lang.reflect.Method.invoke(Method.java:498)
	at org.springframework.beans.factory.annotation.InitDestroyAnnotationBeanPostProcessor$LifecycleElement.invoke(InitDestroyAnnotationBeanPostProcessor.java:363)
	at org.springframework.beans.factory.annotation.InitDestroyAnnotationBeanPostProcessor$LifecycleMetadata.invokeInitMethods(InitDestroyAnnotationBeanPostProcessor.java:307)
	at org.springframework.beans.factory.annotation.InitDestroyAnnotationBeanPostProcessor.postProcessBeforeInitialization(InitDestroyAnnotationBeanPostProcessor.java:136)
	... 24 common frames omitted
2020-04-12 20:41:01.837 [main] [34mINFO [0;39m com.easygql.GraphqlSpringBootApplication - Starting GraphqlSpringBootApplication v1.0-SNAPSHOT on 742e55a9c331 with PID 1 (/app.jar started by root in /)
2020-04-12 20:41:01.844 [main] [34mINFO [0;39m com.easygql.GraphqlSpringBootApplication - No active profile set, falling back to default profiles: default
2020-04-12 20:41:05.016 [main] [34mINFO [0;39m com.easygql.service.EasyGQLInitator - Loading ThirdAPIS...
2020-04-12 20:41:05.027 [main] [31mWARN [0;39m o.s.b.w.r.c.AnnotationConfigReactiveWebServerApplicationContext - Exception encountered during context initialization - cancelling refresh attempt: org.springframework.beans.factory.BeanCreationException: Error creating bean with name 'schemaservice': Invocation of init method failed; nested exception is java.lang.NullPointerException
2020-04-12 20:41:05.136 [main] [34mINFO [0;39m o.s.b.a.l.ConditionEvaluationReportLoggingListener - 

Error starting ApplicationContext. To display the conditions report re-run your application with 'debug' enabled.
2020-04-12 20:41:05.143 [main] [1;31mERROR[0;39m org.springframework.boot.SpringApplication - Application run failed
org.springframework.beans.factory.BeanCreationException: Error creating bean with name 'schemaservice': Invocation of init method failed; nested exception is java.lang.NullPointerException
	at org.springframework.beans.factory.annotation.InitDestroyAnnotationBeanPostProcessor.postProcessBeforeInitialization(InitDestroyAnnotationBeanPostProcessor.java:139)
	at org.springframework.beans.factory.support.AbstractAutowireCapableBeanFactory.applyBeanPostProcessorsBeforeInitialization(AbstractAutowireCapableBeanFactory.java:419)
	at org.springframework.beans.factory.support.AbstractAutowireCapableBeanFactory.initializeBean(AbstractAutowireCapableBeanFactory.java:1737)
	at org.springframework.beans.factory.support.AbstractAutowireCapableBeanFactory.doCreateBean(AbstractAutowireCapableBeanFactory.java:576)
	at org.springframework.beans.factory.support.AbstractAutowireCapableBeanFactory.createBean(AbstractAutowireCapableBeanFactory.java:498)
	at org.springframework.beans.factory.support.AbstractBeanFactory.lambda$doGetBean$0(AbstractBeanFactory.java:320)
	at org.springframework.beans.factory.support.DefaultSingletonBeanRegistry.getSingleton(DefaultSingletonBeanRegistry.java:222)
	at org.springframework.beans.factory.support.AbstractBeanFactory.doGetBean(AbstractBeanFactory.java:318)
	at org.springframework.beans.factory.support.AbstractBeanFactory.getBean(AbstractBeanFactory.java:199)
	at org.springframework.beans.factory.support.DefaultListableBeanFactory.preInstantiateSingletons(DefaultListableBeanFactory.java:846)
	at org.springframework.context.support.AbstractApplicationContext.finishBeanFactoryInitialization(AbstractApplicationContext.java:863)
	at org.springframework.context.support.AbstractApplicationContext.refresh(AbstractApplicationContext.java:546)
	at org.springframework.boot.web.reactive.context.ReactiveWebServerApplicationContext.refresh(ReactiveWebServerApplicationContext.java:67)
	at org.springframework.boot.SpringApplication.refresh(SpringApplication.java:775)
	at org.springframework.boot.SpringApplication.refreshContext(SpringApplication.java:397)
	at org.springframework.boot.SpringApplication.run(SpringApplication.java:316)
	at com.easygql.GraphqlSpringBootApplication.main(GraphqlSpringBootApplication.java:20)
	at sun.reflect.NativeMethodAccessorImpl.invoke0(Native Method)
	at sun.reflect.NativeMethodAccessorImpl.invoke(NativeMethodAccessorImpl.java:62)
	at sun.reflect.DelegatingMethodAccessorImpl.invoke(DelegatingMethodAccessorImpl.java:43)
	at java.lang.reflect.Method.invoke(Method.java:498)
	at org.springframework.boot.loader.MainMethodRunner.run(MainMethodRunner.java:48)
	at org.springframework.boot.loader.Launcher.launch(Launcher.java:87)
	at org.springframework.boot.loader.Launcher.launch(Launcher.java:50)
	at org.springframework.boot.loader.JarLauncher.main(JarLauncher.java:51)
Caused by: java.lang.NullPointerException: null
	at com.easygql.config.ConfigurationProperties.<init>(ConfigurationProperties.java:494)
	at com.easygql.config.ConfigurationProperties.getInstance(ConfigurationProperties.java:533)
	at com.easygql.util.LogData.getInfoLog(LogData.java:48)
	at com.easygql.service.EasyGQLInitator.restPool(EasyGQLInitator.java:113)
	at com.easygql.service.SchemaService.init(SchemaService.java:44)
	at sun.reflect.NativeMethodAccessorImpl.invoke0(Native Method)
	at sun.reflect.NativeMethodAccessorImpl.invoke(NativeMethodAccessorImpl.java:62)
	at sun.reflect.DelegatingMethodAccessorImpl.invoke(DelegatingMethodAccessorImpl.java:43)
	at java.lang.reflect.Method.invoke(Method.java:498)
	at org.springframework.beans.factory.annotation.InitDestroyAnnotationBeanPostProcessor$LifecycleElement.invoke(InitDestroyAnnotationBeanPostProcessor.java:363)
	at org.springframework.beans.factory.annotation.InitDestroyAnnotationBeanPostProcessor$LifecycleMetadata.invokeInitMethods(InitDestroyAnnotationBeanPostProcessor.java:307)
	at org.springframework.beans.factory.annotation.InitDestroyAnnotationBeanPostProcessor.postProcessBeforeInitialization(InitDestroyAnnotationBeanPostProcessor.java:136)
	... 24 common frames omitted
2020-04-12 20:41:20.332 [main] [34mINFO [0;39m com.easygql.GraphqlSpringBootApplication - Starting GraphqlSpringBootApplication v1.0-SNAPSHOT on 742e55a9c331 with PID 1 (/app.jar started by root in /)
2020-04-12 20:41:20.338 [main] [34mINFO [0;39m com.easygql.GraphqlSpringBootApplication - No active profile set, falling back to default profiles: default
2020-04-12 20:41:23.122 [main] [34mINFO [0;39m com.easygql.service.EasyGQLInitator - Loading ThirdAPIS...
2020-04-12 20:41:23.126 [main] [31mWARN [0;39m o.s.b.w.r.c.AnnotationConfigReactiveWebServerApplicationContext - Exception encountered during context initialization - cancelling refresh attempt: org.springframework.beans.factory.BeanCreationException: Error creating bean with name 'schemaservice': Invocation of init method failed; nested exception is java.lang.NullPointerException
2020-04-12 20:41:23.218 [main] [34mINFO [0;39m o.s.b.a.l.ConditionEvaluationReportLoggingListener - 

Error starting ApplicationContext. To display the conditions report re-run your application with 'debug' enabled.
2020-04-12 20:41:23.223 [main] [1;31mERROR[0;39m org.springframework.boot.SpringApplication - Application run failed
org.springframework.beans.factory.BeanCreationException: Error creating bean with name 'schemaservice': Invocation of init method failed; nested exception is java.lang.NullPointerException
	at org.springframework.beans.factory.annotation.InitDestroyAnnotationBeanPostProcessor.postProcessBeforeInitialization(InitDestroyAnnotationBeanPostProcessor.java:139)
	at org.springframework.beans.factory.support.AbstractAutowireCapableBeanFactory.applyBeanPostProcessorsBeforeInitialization(AbstractAutowireCapableBeanFactory.java:419)
	at org.springframework.beans.factory.support.AbstractAutowireCapableBeanFactory.initializeBean(AbstractAutowireCapableBeanFactory.java:1737)
	at org.springframework.beans.factory.support.AbstractAutowireCapableBeanFactory.doCreateBean(AbstractAutowireCapableBeanFactory.java:576)
	at org.springframework.beans.factory.support.AbstractAutowireCapableBeanFactory.createBean(AbstractAutowireCapableBeanFactory.java:498)
	at org.springframework.beans.factory.support.AbstractBeanFactory.lambda$doGetBean$0(AbstractBeanFactory.java:320)
	at org.springframework.beans.factory.support.DefaultSingletonBeanRegistry.getSingleton(DefaultSingletonBeanRegistry.java:222)
	at org.springframework.beans.factory.support.AbstractBeanFactory.doGetBean(AbstractBeanFactory.java:318)
	at org.springframework.beans.factory.support.AbstractBeanFactory.getBean(AbstractBeanFactory.java:199)
	at org.springframework.beans.factory.support.DefaultListableBeanFactory.preInstantiateSingletons(DefaultListableBeanFactory.java:846)
	at org.springframework.context.support.AbstractApplicationContext.finishBeanFactoryInitialization(AbstractApplicationContext.java:863)
	at org.springframework.context.support.AbstractApplicationContext.refresh(AbstractApplicationContext.java:546)
	at org.springframework.boot.web.reactive.context.ReactiveWebServerApplicationContext.refresh(ReactiveWebServerApplicationContext.java:67)
	at org.springframework.boot.SpringApplication.refresh(SpringApplication.java:775)
	at org.springframework.boot.SpringApplication.refreshContext(SpringApplication.java:397)
	at org.springframework.boot.SpringApplication.run(SpringApplication.java:316)
	at com.easygql.GraphqlSpringBootApplication.main(GraphqlSpringBootApplication.java:20)
	at sun.reflect.NativeMethodAccessorImpl.invoke0(Native Method)
	at sun.reflect.NativeMethodAccessorImpl.invoke(NativeMethodAccessorImpl.java:62)
	at sun.reflect.DelegatingMethodAccessorImpl.invoke(DelegatingMethodAccessorImpl.java:43)
	at java.lang.reflect.Method.invoke(Method.java:498)
	at org.springframework.boot.loader.MainMethodRunner.run(MainMethodRunner.java:48)
	at org.springframework.boot.loader.Launcher.launch(Launcher.java:87)
	at org.springframework.boot.loader.Launcher.launch(Launcher.java:50)
	at org.springframework.boot.loader.JarLauncher.main(JarLauncher.java:51)
Caused by: java.lang.NullPointerException: null
	at com.easygql.config.ConfigurationProperties.<init>(ConfigurationProperties.java:494)
	at com.easygql.config.ConfigurationProperties.getInstance(ConfigurationProperties.java:533)
	at com.easygql.util.LogData.getInfoLog(LogData.java:48)
	at com.easygql.service.EasyGQLInitator.restPool(EasyGQLInitator.java:113)
	at com.easygql.service.SchemaService.init(SchemaService.java:44)
	at sun.reflect.NativeMethodAccessorImpl.invoke0(Native Method)
	at sun.reflect.NativeMethodAccessorImpl.invoke(NativeMethodAccessorImpl.java:62)
	at sun.reflect.DelegatingMethodAccessorImpl.invoke(DelegatingMethodAccessorImpl.java:43)
	at java.lang.reflect.Method.invoke(Method.java:498)
	at org.springframework.beans.factory.annotation.InitDestroyAnnotationBeanPostProcessor$LifecycleElement.invoke(InitDestroyAnnotationBeanPostProcessor.java:363)
	at org.springframework.beans.factory.annotation.InitDestroyAnnotationBeanPostProcessor$LifecycleMetadata.invokeInitMethods(InitDestroyAnnotationBeanPostProcessor.java:307)
	at org.springframework.beans.factory.annotation.InitDestroyAnnotationBeanPostProcessor.postProcessBeforeInitialization(InitDestroyAnnotationBeanPostProcessor.java:136)
	... 24 common frames omitted
2020-04-12 20:41:50.855 [main] [34mINFO [0;39m com.easygql.GraphqlSpringBootApplication - Starting GraphqlSpringBootApplication v1.0-SNAPSHOT on 742e55a9c331 with PID 1 (/app.jar started by root in /)
2020-04-12 20:41:50.860 [main] [34mINFO [0;39m com.easygql.GraphqlSpringBootApplication - No active profile set, falling back to default profiles: default
2020-04-12 20:41:55.950 [main] [34mINFO [0;39m com.easygql.service.EasyGQLInitator - Loading ThirdAPIS...
2020-04-12 20:41:55.955 [main] [31mWARN [0;39m o.s.b.w.r.c.AnnotationConfigReactiveWebServerApplicationContext - Exception encountered during context initialization - cancelling refresh attempt: org.springframework.beans.factory.BeanCreationException: Error creating bean with name 'schemaservice': Invocation of init method failed; nested exception is java.lang.NullPointerException
2020-04-12 20:41:56.018 [main] [34mINFO [0;39m o.s.b.a.l.ConditionEvaluationReportLoggingListener - 

Error starting ApplicationContext. To display the conditions report re-run your application with 'debug' enabled.
2020-04-12 20:41:56.022 [main] [1;31mERROR[0;39m org.springframework.boot.SpringApplication - Application run failed
org.springframework.beans.factory.BeanCreationException: Error creating bean with name 'schemaservice': Invocation of init method failed; nested exception is java.lang.NullPointerException
	at org.springframework.beans.factory.annotation.InitDestroyAnnotationBeanPostProcessor.postProcessBeforeInitialization(InitDestroyAnnotationBeanPostProcessor.java:139)
	at org.springframework.beans.factory.support.AbstractAutowireCapableBeanFactory.applyBeanPostProcessorsBeforeInitialization(AbstractAutowireCapableBeanFactory.java:419)
	at org.springframework.beans.factory.support.AbstractAutowireCapableBeanFactory.initializeBean(AbstractAutowireCapableBeanFactory.java:1737)
	at org.springframework.beans.factory.support.AbstractAutowireCapableBeanFactory.doCreateBean(AbstractAutowireCapableBeanFactory.java:576)
	at org.springframework.beans.factory.support.AbstractAutowireCapableBeanFactory.createBean(AbstractAutowireCapableBeanFactory.java:498)
	at org.springframework.beans.factory.support.AbstractBeanFactory.lambda$doGetBean$0(AbstractBeanFactory.java:320)
	at org.springframework.beans.factory.support.DefaultSingletonBeanRegistry.getSingleton(DefaultSingletonBeanRegistry.java:222)
	at org.springframework.beans.factory.support.AbstractBeanFactory.doGetBean(AbstractBeanFactory.java:318)
	at org.springframework.beans.factory.support.AbstractBeanFactory.getBean(AbstractBeanFactory.java:199)
	at org.springframework.beans.factory.support.DefaultListableBeanFactory.preInstantiateSingletons(DefaultListableBeanFactory.java:846)
	at org.springframework.context.support.AbstractApplicationContext.finishBeanFactoryInitialization(AbstractApplicationContext.java:863)
	at org.springframework.context.support.AbstractApplicationContext.refresh(AbstractApplicationContext.java:546)
	at org.springframework.boot.web.reactive.context.ReactiveWebServerApplicationContext.refresh(ReactiveWebServerApplicationContext.java:67)
	at org.springframework.boot.SpringApplication.refresh(SpringApplication.java:775)
	at org.springframework.boot.SpringApplication.refreshContext(SpringApplication.java:397)
	at org.springframework.boot.SpringApplication.run(SpringApplication.java:316)
	at com.easygql.GraphqlSpringBootApplication.main(GraphqlSpringBootApplication.java:20)
	at sun.reflect.NativeMethodAccessorImpl.invoke0(Native Method)
	at sun.reflect.NativeMethodAccessorImpl.invoke(NativeMethodAccessorImpl.java:62)
	at sun.reflect.DelegatingMethodAccessorImpl.invoke(DelegatingMethodAccessorImpl.java:43)
	at java.lang.reflect.Method.invoke(Method.java:498)
	at org.springframework.boot.loader.MainMethodRunner.run(MainMethodRunner.java:48)
	at org.springframework.boot.loader.Launcher.launch(Launcher.java:87)
	at org.springframework.boot.loader.Launcher.launch(Launcher.java:50)
	at org.springframework.boot.loader.JarLauncher.main(JarLauncher.java:51)
Caused by: java.lang.NullPointerException: null
	at com.easygql.config.ConfigurationProperties.<init>(ConfigurationProperties.java:494)
	at com.easygql.config.ConfigurationProperties.getInstance(ConfigurationProperties.java:533)
	at com.easygql.util.LogData.getInfoLog(LogData.java:48)
	at com.easygql.service.EasyGQLInitator.restPool(EasyGQLInitator.java:113)
	at com.easygql.service.SchemaService.init(SchemaService.java:44)
	at sun.reflect.NativeMethodAccessorImpl.invoke0(Native Method)
	at sun.reflect.NativeMethodAccessorImpl.invoke(NativeMethodAccessorImpl.java:62)
	at sun.reflect.DelegatingMethodAccessorImpl.invoke(DelegatingMethodAccessorImpl.java:43)
	at java.lang.reflect.Method.invoke(Method.java:498)
	at org.springframework.beans.factory.annotation.InitDestroyAnnotationBeanPostProcessor$LifecycleElement.invoke(InitDestroyAnnotationBeanPostProcessor.java:363)
	at org.springframework.beans.factory.annotation.InitDestroyAnnotationBeanPostProcessor$LifecycleMetadata.invokeInitMethods(InitDestroyAnnotationBeanPostProcessor.java:307)
	at org.springframework.beans.factory.annotation.InitDestroyAnnotationBeanPostProcessor.postProcessBeforeInitialization(InitDestroyAnnotationBeanPostProcessor.java:136)
	... 24 common frames omitted
2020-04-12 20:42:51.956 [main] [34mINFO [0;39m com.easygql.GraphqlSpringBootApplication - Starting GraphqlSpringBootApplication v1.0-SNAPSHOT on 742e55a9c331 with PID 1 (/app.jar started by root in /)
2020-04-12 20:42:51.964 [main] [34mINFO [0;39m com.easygql.GraphqlSpringBootApplication - No active profile set, falling back to default profiles: default
2020-04-12 20:42:54.446 [main] [34mINFO [0;39m com.easygql.service.EasyGQLInitator - Loading ThirdAPIS...
2020-04-12 20:42:54.451 [main] [31mWARN [0;39m o.s.b.w.r.c.AnnotationConfigReactiveWebServerApplicationContext - Exception encountered during context initialization - cancelling refresh attempt: org.springframework.beans.factory.BeanCreationException: Error creating bean with name 'schemaservice': Invocation of init method failed; nested exception is java.lang.NullPointerException
2020-04-12 20:42:54.513 [main] [34mINFO [0;39m o.s.b.a.l.ConditionEvaluationReportLoggingListener - 

Error starting ApplicationContext. To display the conditions report re-run your application with 'debug' enabled.
2020-04-12 20:42:54.519 [main] [1;31mERROR[0;39m org.springframework.boot.SpringApplication - Application run failed
org.springframework.beans.factory.BeanCreationException: Error creating bean with name 'schemaservice': Invocation of init method failed; nested exception is java.lang.NullPointerException
	at org.springframework.beans.factory.annotation.InitDestroyAnnotationBeanPostProcessor.postProcessBeforeInitialization(InitDestroyAnnotationBeanPostProcessor.java:139)
	at org.springframework.beans.factory.support.AbstractAutowireCapableBeanFactory.applyBeanPostProcessorsBeforeInitialization(AbstractAutowireCapableBeanFactory.java:419)
	at org.springframework.beans.factory.support.AbstractAutowireCapableBeanFactory.initializeBean(AbstractAutowireCapableBeanFactory.java:1737)
	at org.springframework.beans.factory.support.AbstractAutowireCapableBeanFactory.doCreateBean(AbstractAutowireCapableBeanFactory.java:576)
	at org.springframework.beans.factory.support.AbstractAutowireCapableBeanFactory.createBean(AbstractAutowireCapableBeanFactory.java:498)
	at org.springframework.beans.factory.support.AbstractBeanFactory.lambda$doGetBean$0(AbstractBeanFactory.java:320)
	at org.springframework.beans.factory.support.DefaultSingletonBeanRegistry.getSingleton(DefaultSingletonBeanRegistry.java:222)
	at org.springframework.beans.factory.support.AbstractBeanFactory.doGetBean(AbstractBeanFactory.java:318)
	at org.springframework.beans.factory.support.AbstractBeanFactory.getBean(AbstractBeanFactory.java:199)
	at org.springframework.beans.factory.support.DefaultListableBeanFactory.preInstantiateSingletons(DefaultListableBeanFactory.java:846)
	at org.springframework.context.support.AbstractApplicationContext.finishBeanFactoryInitialization(AbstractApplicationContext.java:863)
	at org.springframework.context.support.AbstractApplicationContext.refresh(AbstractApplicationContext.java:546)
	at org.springframework.boot.web.reactive.context.ReactiveWebServerApplicationContext.refresh(ReactiveWebServerApplicationContext.java:67)
	at org.springframework.boot.SpringApplication.refresh(SpringApplication.java:775)
	at org.springframework.boot.SpringApplication.refreshContext(SpringApplication.java:397)
	at org.springframework.boot.SpringApplication.run(SpringApplication.java:316)
	at com.easygql.GraphqlSpringBootApplication.main(GraphqlSpringBootApplication.java:20)
	at sun.reflect.NativeMethodAccessorImpl.invoke0(Native Method)
	at sun.reflect.NativeMethodAccessorImpl.invoke(NativeMethodAccessorImpl.java:62)
	at sun.reflect.DelegatingMethodAccessorImpl.invoke(DelegatingMethodAccessorImpl.java:43)
	at java.lang.reflect.Method.invoke(Method.java:498)
	at org.springframework.boot.loader.MainMethodRunner.run(MainMethodRunner.java:48)
	at org.springframework.boot.loader.Launcher.launch(Launcher.java:87)
	at org.springframework.boot.loader.Launcher.launch(Launcher.java:50)
	at org.springframework.boot.loader.JarLauncher.main(JarLauncher.java:51)
Caused by: java.lang.NullPointerException: null
	at com.easygql.config.ConfigurationProperties.<init>(ConfigurationProperties.java:494)
	at com.easygql.config.ConfigurationProperties.getInstance(ConfigurationProperties.java:533)
	at com.easygql.util.LogData.getInfoLog(LogData.java:48)
	at com.easygql.service.EasyGQLInitator.restPool(EasyGQLInitator.java:113)
	at com.easygql.service.SchemaService.init(SchemaService.java:44)
	at sun.reflect.NativeMethodAccessorImpl.invoke0(Native Method)
	at sun.reflect.NativeMethodAccessorImpl.invoke(NativeMethodAccessorImpl.java:62)
	at sun.reflect.DelegatingMethodAccessorImpl.invoke(DelegatingMethodAccessorImpl.java:43)
	at java.lang.reflect.Method.invoke(Method.java:498)
	at org.springframework.beans.factory.annotation.InitDestroyAnnotationBeanPostProcessor$LifecycleElement.invoke(InitDestroyAnnotationBeanPostProcessor.java:363)
	at org.springframework.beans.factory.annotation.InitDestroyAnnotationBeanPostProcessor$LifecycleMetadata.invokeInitMethods(InitDestroyAnnotationBeanPostProcessor.java:307)
	at org.springframework.beans.factory.annotation.InitDestroyAnnotationBeanPostProcessor.postProcessBeforeInitialization(InitDestroyAnnotationBeanPostProcessor.java:136)
	... 24 common frames omitted
2020-04-12 20:43:57.526 [main] [34mINFO [0;39m com.easygql.GraphqlSpringBootApplication - Starting GraphqlSpringBootApplication v1.0-SNAPSHOT on 742e55a9c331 with PID 1 (/app.jar started by root in /)
2020-04-12 20:43:57.534 [main] [34mINFO [0;39m com.easygql.GraphqlSpringBootApplication - No active profile set, falling back to default profiles: default
2020-04-12 20:43:59.818 [main] [34mINFO [0;39m com.easygql.service.EasyGQLInitator - Loading ThirdAPIS...
2020-04-12 20:43:59.822 [main] [31mWARN [0;39m o.s.b.w.r.c.AnnotationConfigReactiveWebServerApplicationContext - Exception encountered during context initialization - cancelling refresh attempt: org.springframework.beans.factory.BeanCreationException: Error creating bean with name 'schemaservice': Invocation of init method failed; nested exception is java.lang.NullPointerException
2020-04-12 20:43:59.872 [main] [34mINFO [0;39m o.s.b.a.l.ConditionEvaluationReportLoggingListener - 

Error starting ApplicationContext. To display the conditions report re-run your application with 'debug' enabled.
2020-04-12 20:43:59.876 [main] [1;31mERROR[0;39m org.springframework.boot.SpringApplication - Application run failed
org.springframework.beans.factory.BeanCreationException: Error creating bean with name 'schemaservice': Invocation of init method failed; nested exception is java.lang.NullPointerException
	at org.springframework.beans.factory.annotation.InitDestroyAnnotationBeanPostProcessor.postProcessBeforeInitialization(InitDestroyAnnotationBeanPostProcessor.java:139)
	at org.springframework.beans.factory.support.AbstractAutowireCapableBeanFactory.applyBeanPostProcessorsBeforeInitialization(AbstractAutowireCapableBeanFactory.java:419)
	at org.springframework.beans.factory.support.AbstractAutowireCapableBeanFactory.initializeBean(AbstractAutowireCapableBeanFactory.java:1737)
	at org.springframework.beans.factory.support.AbstractAutowireCapableBeanFactory.doCreateBean(AbstractAutowireCapableBeanFactory.java:576)
	at org.springframework.beans.factory.support.AbstractAutowireCapableBeanFactory.createBean(AbstractAutowireCapableBeanFactory.java:498)
	at org.springframework.beans.factory.support.AbstractBeanFactory.lambda$doGetBean$0(AbstractBeanFactory.java:320)
	at org.springframework.beans.factory.support.DefaultSingletonBeanRegistry.getSingleton(DefaultSingletonBeanRegistry.java:222)
	at org.springframework.beans.factory.support.AbstractBeanFactory.doGetBean(AbstractBeanFactory.java:318)
	at org.springframework.beans.factory.support.AbstractBeanFactory.getBean(AbstractBeanFactory.java:199)
	at org.springframework.beans.factory.support.DefaultListableBeanFactory.preInstantiateSingletons(DefaultListableBeanFactory.java:846)
	at org.springframework.context.support.AbstractApplicationContext.finishBeanFactoryInitialization(AbstractApplicationContext.java:863)
	at org.springframework.context.support.AbstractApplicationContext.refresh(AbstractApplicationContext.java:546)
	at org.springframework.boot.web.reactive.context.ReactiveWebServerApplicationContext.refresh(ReactiveWebServerApplicationContext.java:67)
	at org.springframework.boot.SpringApplication.refresh(SpringApplication.java:775)
	at org.springframework.boot.SpringApplication.refreshContext(SpringApplication.java:397)
	at org.springframework.boot.SpringApplication.run(SpringApplication.java:316)
	at com.easygql.GraphqlSpringBootApplication.main(GraphqlSpringBootApplication.java:20)
	at sun.reflect.NativeMethodAccessorImpl.invoke0(Native Method)
	at sun.reflect.NativeMethodAccessorImpl.invoke(NativeMethodAccessorImpl.java:62)
	at sun.reflect.DelegatingMethodAccessorImpl.invoke(DelegatingMethodAccessorImpl.java:43)
	at java.lang.reflect.Method.invoke(Method.java:498)
	at org.springframework.boot.loader.MainMethodRunner.run(MainMethodRunner.java:48)
	at org.springframework.boot.loader.Launcher.launch(Launcher.java:87)
	at org.springframework.boot.loader.Launcher.launch(Launcher.java:50)
	at org.springframework.boot.loader.JarLauncher.main(JarLauncher.java:51)
Caused by: java.lang.NullPointerException: null
	at com.easygql.config.ConfigurationProperties.<init>(ConfigurationProperties.java:494)
	at com.easygql.config.ConfigurationProperties.getInstance(ConfigurationProperties.java:533)
	at com.easygql.util.LogData.getInfoLog(LogData.java:48)
	at com.easygql.service.EasyGQLInitator.restPool(EasyGQLInitator.java:113)
	at com.easygql.service.SchemaService.init(SchemaService.java:44)
	at sun.reflect.NativeMethodAccessorImpl.invoke0(Native Method)
	at sun.reflect.NativeMethodAccessorImpl.invoke(NativeMethodAccessorImpl.java:62)
	at sun.reflect.DelegatingMethodAccessorImpl.invoke(DelegatingMethodAccessorImpl.java:43)
	at java.lang.reflect.Method.invoke(Method.java:498)
	at org.springframework.beans.factory.annotation.InitDestroyAnnotationBeanPostProcessor$LifecycleElement.invoke(InitDestroyAnnotationBeanPostProcessor.java:363)
	at org.springframework.beans.factory.annotation.InitDestroyAnnotationBeanPostProcessor$LifecycleMetadata.invokeInitMethods(InitDestroyAnnotationBeanPostProcessor.java:307)
	at org.springframework.beans.factory.annotation.InitDestroyAnnotationBeanPostProcessor.postProcessBeforeInitialization(InitDestroyAnnotationBeanPostProcessor.java:136)
	... 24 common frames omitted
2020-04-12 20:45:03.488 [main] [34mINFO [0;39m com.easygql.GraphqlSpringBootApplication - Starting GraphqlSpringBootApplication v1.0-SNAPSHOT on 742e55a9c331 with PID 1 (/app.jar started by root in /)
2020-04-12 20:45:03.517 [main] [34mINFO [0;39m com.easygql.GraphqlSpringBootApplication - No active profile set, falling back to default profiles: default
2020-04-12 20:45:06.731 [main] [34mINFO [0;39m com.easygql.service.EasyGQLInitator - Loading ThirdAPIS...
2020-04-12 20:45:06.736 [main] [31mWARN [0;39m o.s.b.w.r.c.AnnotationConfigReactiveWebServerApplicationContext - Exception encountered during context initialization - cancelling refresh attempt: org.springframework.beans.factory.BeanCreationException: Error creating bean with name 'schemaservice': Invocation of init method failed; nested exception is java.lang.NullPointerException
2020-04-12 20:49:48.361 [main] [34mINFO [0;39m com.easygql.GraphqlSpringBootApplication - Starting GraphqlSpringBootApplication v1.0-SNAPSHOT on 47ac1a8e859d with PID 1 (/app.jar started by root in /)
2020-04-12 20:49:48.373 [main] [34mINFO [0;39m com.easygql.GraphqlSpringBootApplication - No active profile set, falling back to default profiles: default
2020-04-12 20:49:52.487 [main] [34mINFO [0;39m com.easygql.service.EasyGQLInitator - Loading ThirdAPIS...
2020-04-12 20:49:52.593 [main] [34mINFO [0;39m com.easygql.service.EasyGQLInitator - {"logType":"I10005","message":"Load Third API"}
2020-04-12 20:49:52.627 [main] [34mINFO [0;39m com.easygql.service.EasyGQLInitator - {"logType":"I10006","message":"Load DataBase Generator"}
2020-04-12 20:49:54.573 [vert.x-eventloop-thread-0] [1;31mERROR[0;39m com.easygql.dao.postgres.PostgreSqlSchema - {"logType":"E10005","errorInfo":"io.vertx.pgclient.PgException: database "db_schemadb" does not exist
	at io.vertx.pgclient.impl.codec.ErrorResponse.toException(ErrorResponse.java:29)
	at io.vertx.pgclient.impl.codec.InitCommandCodec.handleErrorResponse(InitCommandCodec.java:76)
	at io.vertx.pgclient.impl.codec.PgDecoder.decodeError(PgDecoder.java:235)
	at io.vertx.pgclient.impl.codec.PgDecoder.decodeMessage(PgDecoder.java:123)
	at io.vertx.pgclient.impl.codec.PgDecoder.channelRead(PgDecoder.java:103)
	at io.netty.channel.CombinedChannelDuplexHandler.channelRead(CombinedChannelDuplexHandler.java:253)
	at io.netty.channel.AbstractChannelHandlerContext.invokeChannelRead(AbstractChannelHandlerContext.java:362)
	at io.netty.channel.AbstractChannelHandlerContext.invokeChannelRead(AbstractChannelHandlerContext.java:348)
	at io.netty.channel.AbstractChannelHandlerContext.fireChannelRead(AbstractChannelHandlerContext.java:340)
	at io.netty.channel.DefaultChannelPipeline$HeadContext.channelRead(DefaultChannelPipeline.java:1434)
	at io.netty.channel.AbstractChannelHandlerContext.invokeChannelRead(AbstractChannelHandlerContext.java:362)
	at io.netty.channel.AbstractChannelHandlerContext.invokeChannelRead(AbstractChannelHandlerContext.java:348)
	at io.netty.channel.DefaultChannelPipeline.fireChannelRead(DefaultChannelPipeline.java:965)
	at io.netty.channel.nio.AbstractNioByteChannel$NioByteUnsafe.read(AbstractNioByteChannel.java:163)
	at io.netty.channel.nio.NioEventLoop.processSelectedKey(NioEventLoop.java:648)
	at io.netty.channel.nio.NioEventLoop.processSelectedKeysOptimized(NioEventLoop.java:583)
	at io.netty.channel.nio.NioEventLoop.processSelectedKeys(NioEventLoop.java:500)
	at io.netty.channel.nio.NioEventLoop.run(NioEventLoop.java:462)
	at io.netty.util.concurrent.SingleThreadEventExecutor$5.run(SingleThreadEventExecutor.java:897)
	at io.netty.util.concurrent.FastThreadLocalRunnable.run(FastThreadLocalRunnable.java:30)
	at java.lang.Thread.run(Thread.java:748)
","detail":{"datasource":{"databasename":"db_schemadb","host":"easygql_postgresql","max_connection":1000,"max_idle_connection":10,"password":"password","port":5432,"username":"postgres"}},"message":"connect database failed"}
2020-04-12 20:49:54.646 [vert.x-eventloop-thread-0] [1;31mERROR[0;39m com.easygql.dao.postgres.PostgreSqlSchema - {"logType":"E10005","errorInfo":"io.vertx.pgclient.PgException: database "db_schemadb" does not exist
	at io.vertx.pgclient.impl.codec.ErrorResponse.toException(ErrorResponse.java:29)
	at io.vertx.pgclient.impl.codec.InitCommandCodec.handleErrorResponse(InitCommandCodec.java:76)
	at io.vertx.pgclient.impl.codec.PgDecoder.decodeError(PgDecoder.java:235)
	at io.vertx.pgclient.impl.codec.PgDecoder.decodeMessage(PgDecoder.java:123)
	at io.vertx.pgclient.impl.codec.PgDecoder.channelRead(PgDecoder.java:103)
	at io.netty.channel.CombinedChannelDuplexHandler.channelRead(CombinedChannelDuplexHandler.java:253)
	at io.netty.channel.AbstractChannelHandlerContext.invokeChannelRead(AbstractChannelHandlerContext.java:362)
	at io.netty.channel.AbstractChannelHandlerContext.invokeChannelRead(AbstractChannelHandlerContext.java:348)
	at io.netty.channel.AbstractChannelHandlerContext.fireChannelRead(AbstractChannelHandlerContext.java:340)
	at io.netty.channel.DefaultChannelPipeline$HeadContext.channelRead(DefaultChannelPipeline.java:1434)
	at io.netty.channel.AbstractChannelHandlerContext.invokeChannelRead(AbstractChannelHandlerContext.java:362)
	at io.netty.channel.AbstractChannelHandlerContext.invokeChannelRead(AbstractChannelHandlerContext.java:348)
	at io.netty.channel.DefaultChannelPipeline.fireChannelRead(DefaultChannelPipeline.java:965)
	at io.netty.channel.nio.AbstractNioByteChannel$NioByteUnsafe.read(AbstractNioByteChannel.java:163)
	at io.netty.channel.nio.NioEventLoop.processSelectedKey(NioEventLoop.java:648)
	at io.netty.channel.nio.NioEventLoop.processSelectedKeysOptimized(NioEventLoop.java:583)
	at io.netty.channel.nio.NioEventLoop.processSelectedKeys(NioEventLoop.java:500)
	at io.netty.channel.nio.NioEventLoop.run(NioEventLoop.java:462)
	at io.netty.util.concurrent.SingleThreadEventExecutor$5.run(SingleThreadEventExecutor.java:897)
	at io.netty.util.concurrent.FastThreadLocalRunnable.run(FastThreadLocalRunnable.java:30)
	at java.lang.Thread.run(Thread.java:748)
","detail":{"datasource":{"databasename":"db_schemadb","host":"easygql_postgresql","max_connection":1000,"max_idle_connection":10,"password":"password","port":5432,"username":"postgres"}},"message":"connect database failed"}
2020-04-12 20:49:56.142 [vert.x-eventloop-thread-0] [31mWARN [0;39m io.vertx.sqlclient.impl.SocketConnectionBase - Backend notice: severity='NOTICE', code='00000', message='table "t_enumfield" does not exist, skipping', detail='null', hint='null', position='null', internalPosition='null', internalQuery='null', where='null', file='tablecmds.c', line='1184', routine='DropErrorMsgNonExistent', schema='null', table='null', column='null', dataType='null', constraint='null'
2020-04-12 20:49:56.274 [vert.x-eventloop-thread-0] [31mWARN [0;39m io.vertx.sqlclient.impl.SocketConnectionBase - Backend notice: severity='NOTICE', code='00000', message='table "t_user" does not exist, skipping', detail='null', hint='null', position='null', internalPosition='null', internalQuery='null', where='null', file='tablecmds.c', line='1184', routine='DropErrorMsgNonExistent', schema='null', table='null', column='null', dataType='null', constraint='null'
2020-04-12 20:49:56.312 [vert.x-eventloop-thread-0] [31mWARN [0;39m io.vertx.sqlclient.impl.SocketConnectionBase - Backend notice: severity='NOTICE', code='00000', message='table "t_contenttype" does not exist, skipping', detail='null', hint='null', position='null', internalPosition='null', internalQuery='null', where='null', file='tablecmds.c', line='1184', routine='DropErrorMsgNonExistent', schema='null', table='null', column='null', dataType='null', constraint='null'
2020-04-12 20:49:56.331 [vert.x-eventloop-thread-0] [31mWARN [0;39m io.vertx.sqlclient.impl.SocketConnectionBase - Backend notice: severity='NOTICE', code='00000', message='table "t_scalarfield" does not exist, skipping', detail='null', hint='null', position='null', internalPosition='null', internalQuery='null', where='null', file='tablecmds.c', line='1184', routine='DropErrorMsgNonExistent', schema='null', table='null', column='null', dataType='null', constraint='null'
2020-04-12 20:49:56.399 [vert.x-eventloop-thread-0] [31mWARN [0;39m io.vertx.sqlclient.impl.SocketConnectionBase - Backend notice: severity='NOTICE', code='00000', message='table "t_schema" does not exist, skipping', detail='null', hint='null', position='null', internalPosition='null', internalQuery='null', where='null', file='tablecmds.c', line='1184', routine='DropErrorMsgNonExistent', schema='null', table='null', column='null', dataType='null', constraint='null'
2020-04-12 20:49:56.433 [vert.x-eventloop-thread-0] [31mWARN [0;39m io.vertx.sqlclient.impl.SocketConnectionBase - Backend notice: severity='NOTICE', code='00000', message='table "t_remoteapi" does not exist, skipping', detail='null', hint='null', position='null', internalPosition='null', internalQuery='null', where='null', file='tablecmds.c', line='1184', routine='DropErrorMsgNonExistent', schema='null', table='null', column='null', dataType='null', constraint='null'
2020-04-12 20:49:56.498 [vert.x-eventloop-thread-0] [31mWARN [0;39m io.vertx.sqlclient.impl.SocketConnectionBase - Backend notice: severity='NOTICE', code='00000', message='table "t_uniqueconstraint" does not exist, skipping', detail='null', hint='null', position='null', internalPosition='null', internalQuery='null', where='null', file='tablecmds.c', line='1184', routine='DropErrorMsgNonExistent', schema='null', table='null', column='null', dataType='null', constraint='null'
2020-04-12 20:49:56.525 [vert.x-eventloop-thread-0] [31mWARN [0;39m io.vertx.sqlclient.impl.SocketConnectionBase - Backend notice: severity='NOTICE', code='00000', message='table "t_remoteendpoint" does not exist, skipping', detail='null', hint='null', position='null', internalPosition='null', internalQuery='null', where='null', file='tablecmds.c', line='1184', routine='DropErrorMsgNonExistent', schema='null', table='null', column='null', dataType='null', constraint='null'
2020-04-12 20:49:56.591 [vert.x-eventloop-thread-0] [31mWARN [0;39m io.vertx.sqlclient.impl.SocketConnectionBase - Backend notice: severity='NOTICE', code='00000', message='table "t_enumelement" does not exist, skipping', detail='null', hint='null', position='null', internalPosition='null', internalQuery='null', where='null', file='tablecmds.c', line='1184', routine='DropErrorMsgNonExistent', schema='null', table='null', column='null', dataType='null', constraint='null'
2020-04-12 20:49:56.640 [vert.x-eventloop-thread-0] [31mWARN [0;39m io.vertx.sqlclient.impl.SocketConnectionBase - Backend notice: severity='NOTICE', code='00000', message='table "t_datasource" does not exist, skipping', detail='null', hint='null', position='null', internalPosition='null', internalQuery='null', where='null', file='tablecmds.c', line='1184', routine='DropErrorMsgNonExistent', schema='null', table='null', column='null', dataType='null', constraint='null'
2020-04-12 20:49:56.684 [vert.x-eventloop-thread-0] [31mWARN [0;39m io.vertx.sqlclient.impl.SocketConnectionBase - Backend notice: severity='NOTICE', code='00000', message='table "t_relationfield" does not exist, skipping', detail='null', hint='null', position='null', internalPosition='null', internalQuery='null', where='null', file='tablecmds.c', line='1184', routine='DropErrorMsgNonExistent', schema='null', table='null', column='null', dataType='null', constraint='null'
2020-04-12 20:49:56.733 [vert.x-eventloop-thread-0] [31mWARN [0;39m io.vertx.sqlclient.impl.SocketConnectionBase - Backend notice: severity='NOTICE', code='00000', message='table "t_trigger" does not exist, skipping', detail='null', hint='null', position='null', internalPosition='null', internalQuery='null', where='null', file='tablecmds.c', line='1184', routine='DropErrorMsgNonExistent', schema='null', table='null', column='null', dataType='null', constraint='null'
2020-04-12 20:49:56.857 [vert.x-eventloop-thread-0] [31mWARN [0;39m io.vertx.sqlclient.impl.SocketConnectionBase - Backend notice: severity='NOTICE', code='00000', message='table "t_schemametadata" does not exist, skipping', detail='null', hint='null', position='null', internalPosition='null', internalQuery='null', where='null', file='tablecmds.c', line='1184', routine='DropErrorMsgNonExistent', schema='null', table='null', column='null', dataType='null', constraint='null'
2020-04-12 20:49:56.904 [vert.x-eventloop-thread-0] [31mWARN [0;39m io.vertx.sqlclient.impl.SocketConnectionBase - Backend notice: severity='NOTICE', code='00000', message='table "t_enumtype" does not exist, skipping', detail='null', hint='null', position='null', internalPosition='null', internalQuery='null', where='null', file='tablecmds.c', line='1184', routine='DropErrorMsgNonExistent', schema='null', table='null', column='null', dataType='null', constraint='null'
2020-04-12 20:49:56.938 [vert.x-eventloop-thread-0] [31mWARN [0;39m io.vertx.sqlclient.impl.SocketConnectionBase - Backend notice: severity='NOTICE', code='00000', message='table "t_triggerhistory" does not exist, skipping', detail='null', hint='null', position='null', internalPosition='null', internalQuery='null', where='null', file='tablecmds.c', line='1184', routine='DropErrorMsgNonExistent', schema='null', table='null', column='null', dataType='null', constraint='null'
2020-04-12 20:49:57.064 [vert.x-eventloop-thread-0] [31mWARN [0;39m io.vertx.sqlclient.impl.SocketConnectionBase - Backend notice: severity='NOTICE', code='00000', message='table "t_thirdapi" does not exist, skipping', detail='null', hint='null', position='null', internalPosition='null', internalQuery='null', where='null', file='tablecmds.c', line='1184', routine='DropErrorMsgNonExistent', schema='null', table='null', column='null', dataType='null', constraint='null'
2020-04-12 20:49:57.901 [main] [31mWARN [0;39m org.thymeleaf.templatemode.TemplateMode - [THYMELEAF][main] Template Mode 'HTML5' is deprecated. Using Template Mode 'HTML' instead.
2020-04-12 20:49:59.880 [main] [34mINFO [0;39m o.s.boot.web.embedded.netty.NettyWebServer - Netty started on port(s): 9995
2020-04-12 20:49:59.888 [main] [34mINFO [0;39m com.easygql.GraphqlSpringBootApplication - Started GraphqlSpringBootApplication in 12.896 seconds (JVM running for 17.004)
2020-04-12 20:59:26.394 [main] [34mINFO [0;39m com.easygql.GraphqlSpringBootApplication - Starting GraphqlSpringBootApplication v1.0-SNAPSHOT on 13d6e5cb0a6f with PID 1 (/app.jar started by root in /)
2020-04-12 20:59:26.416 [main] [34mINFO [0;39m com.easygql.GraphqlSpringBootApplication - No active profile set, falling back to default profiles: default
2020-04-12 20:59:30.200 [main] [34mINFO [0;39m com.easygql.service.EasyGQLInitator - Loading ThirdAPIS...
2020-04-12 20:59:30.320 [main] [34mINFO [0;39m com.easygql.service.EasyGQLInitator - {"logType":"I10005","message":"Load Third API"}
2020-04-12 20:59:30.332 [main] [34mINFO [0;39m com.easygql.service.EasyGQLInitator - {"logType":"I10006","message":"Load DataBase Generator"}
2020-04-12 20:59:32.659 [vert.x-eventloop-thread-0] [1;31mERROR[0;39m com.easygql.dao.postgres.PostgreSqlSchema - {"logType":"E10005","errorInfo":"io.vertx.pgclient.PgException: database "db_schemadb" does not exist
	at io.vertx.pgclient.impl.codec.ErrorResponse.toException(ErrorResponse.java:29)
	at io.vertx.pgclient.impl.codec.InitCommandCodec.handleErrorResponse(InitCommandCodec.java:76)
	at io.vertx.pgclient.impl.codec.PgDecoder.decodeError(PgDecoder.java:235)
	at io.vertx.pgclient.impl.codec.PgDecoder.decodeMessage(PgDecoder.java:123)
	at io.vertx.pgclient.impl.codec.PgDecoder.channelRead(PgDecoder.java:103)
	at io.netty.channel.CombinedChannelDuplexHandler.channelRead(CombinedChannelDuplexHandler.java:253)
	at io.netty.channel.AbstractChannelHandlerContext.invokeChannelRead(AbstractChannelHandlerContext.java:362)
	at io.netty.channel.AbstractChannelHandlerContext.invokeChannelRead(AbstractChannelHandlerContext.java:348)
	at io.netty.channel.AbstractChannelHandlerContext.fireChannelRead(AbstractChannelHandlerContext.java:340)
	at io.netty.channel.DefaultChannelPipeline$HeadContext.channelRead(DefaultChannelPipeline.java:1434)
	at io.netty.channel.AbstractChannelHandlerContext.invokeChannelRead(AbstractChannelHandlerContext.java:362)
	at io.netty.channel.AbstractChannelHandlerContext.invokeChannelRead(AbstractChannelHandlerContext.java:348)
	at io.netty.channel.DefaultChannelPipeline.fireChannelRead(DefaultChannelPipeline.java:965)
	at io.netty.channel.nio.AbstractNioByteChannel$NioByteUnsafe.read(AbstractNioByteChannel.java:163)
	at io.netty.channel.nio.NioEventLoop.processSelectedKey(NioEventLoop.java:648)
	at io.netty.channel.nio.NioEventLoop.processSelectedKeysOptimized(NioEventLoop.java:583)
	at io.netty.channel.nio.NioEventLoop.processSelectedKeys(NioEventLoop.java:500)
	at io.netty.channel.nio.NioEventLoop.run(NioEventLoop.java:462)
	at io.netty.util.concurrent.SingleThreadEventExecutor$5.run(SingleThreadEventExecutor.java:897)
	at io.netty.util.concurrent.FastThreadLocalRunnable.run(FastThreadLocalRunnable.java:30)
	at java.lang.Thread.run(Thread.java:748)
","detail":{"datasource":{"databasename":"db_schemadb","host":"easygql_postgresql","max_connection":1000,"max_idle_connection":10,"password":"password","port":5432,"username":"postgres"}},"message":"connect database failed"}
2020-04-12 20:59:32.761 [vert.x-eventloop-thread-0] [1;31mERROR[0;39m com.easygql.dao.postgres.PostgreSqlSchema - {"logType":"E10005","errorInfo":"io.vertx.pgclient.PgException: database "db_schemadb" does not exist
	at io.vertx.pgclient.impl.codec.ErrorResponse.toException(ErrorResponse.java:29)
	at io.vertx.pgclient.impl.codec.InitCommandCodec.handleErrorResponse(InitCommandCodec.java:76)
	at io.vertx.pgclient.impl.codec.PgDecoder.decodeError(PgDecoder.java:235)
	at io.vertx.pgclient.impl.codec.PgDecoder.decodeMessage(PgDecoder.java:123)
	at io.vertx.pgclient.impl.codec.PgDecoder.channelRead(PgDecoder.java:103)
	at io.netty.channel.CombinedChannelDuplexHandler.channelRead(CombinedChannelDuplexHandler.java:253)
	at io.netty.channel.AbstractChannelHandlerContext.invokeChannelRead(AbstractChannelHandlerContext.java:362)
	at io.netty.channel.AbstractChannelHandlerContext.invokeChannelRead(AbstractChannelHandlerContext.java:348)
	at io.netty.channel.AbstractChannelHandlerContext.fireChannelRead(AbstractChannelHandlerContext.java:340)
	at io.netty.channel.DefaultChannelPipeline$HeadContext.channelRead(DefaultChannelPipeline.java:1434)
	at io.netty.channel.AbstractChannelHandlerContext.invokeChannelRead(AbstractChannelHandlerContext.java:362)
	at io.netty.channel.AbstractChannelHandlerContext.invokeChannelRead(AbstractChannelHandlerContext.java:348)
	at io.netty.channel.DefaultChannelPipeline.fireChannelRead(DefaultChannelPipeline.java:965)
	at io.netty.channel.nio.AbstractNioByteChannel$NioByteUnsafe.read(AbstractNioByteChannel.java:163)
	at io.netty.channel.nio.NioEventLoop.processSelectedKey(NioEventLoop.java:648)
	at io.netty.channel.nio.NioEventLoop.processSelectedKeysOptimized(NioEventLoop.java:583)
	at io.netty.channel.nio.NioEventLoop.processSelectedKeys(NioEventLoop.java:500)
	at io.netty.channel.nio.NioEventLoop.run(NioEventLoop.java:462)
	at io.netty.util.concurrent.SingleThreadEventExecutor$5.run(SingleThreadEventExecutor.java:897)
	at io.netty.util.concurrent.FastThreadLocalRunnable.run(FastThreadLocalRunnable.java:30)
	at java.lang.Thread.run(Thread.java:748)
","detail":{"datasource":{"databasename":"db_schemadb","host":"easygql_postgresql","max_connection":1000,"max_idle_connection":10,"password":"password","port":5432,"username":"postgres"}},"message":"connect database failed"}
2020-04-12 20:59:33.797 [vert.x-eventloop-thread-0] [31mWARN [0;39m io.vertx.sqlclient.impl.SocketConnectionBase - Backend notice: severity='NOTICE', code='00000', message='table "t_enumfield" does not exist, skipping', detail='null', hint='null', position='null', internalPosition='null', internalQuery='null', where='null', file='tablecmds.c', line='1184', routine='DropErrorMsgNonExistent', schema='null', table='null', column='null', dataType='null', constraint='null'
2020-04-12 20:59:33.848 [vert.x-eventloop-thread-0] [31mWARN [0;39m io.vertx.sqlclient.impl.SocketConnectionBase - Backend notice: severity='NOTICE', code='00000', message='table "t_user" does not exist, skipping', detail='null', hint='null', position='null', internalPosition='null', internalQuery='null', where='null', file='tablecmds.c', line='1184', routine='DropErrorMsgNonExistent', schema='null', table='null', column='null', dataType='null', constraint='null'
2020-04-12 20:59:33.890 [vert.x-eventloop-thread-0] [31mWARN [0;39m io.vertx.sqlclient.impl.SocketConnectionBase - Backend notice: severity='NOTICE', code='00000', message='table "t_contenttype" does not exist, skipping', detail='null', hint='null', position='null', internalPosition='null', internalQuery='null', where='null', file='tablecmds.c', line='1184', routine='DropErrorMsgNonExistent', schema='null', table='null', column='null', dataType='null', constraint='null'
2020-04-12 20:59:33.936 [vert.x-eventloop-thread-0] [31mWARN [0;39m io.vertx.sqlclient.impl.SocketConnectionBase - Backend notice: severity='NOTICE', code='00000', message='table "t_scalarfield" does not exist, skipping', detail='null', hint='null', position='null', internalPosition='null', internalQuery='null', where='null', file='tablecmds.c', line='1184', routine='DropErrorMsgNonExistent', schema='null', table='null', column='null', dataType='null', constraint='null'
2020-04-12 20:59:33.981 [vert.x-eventloop-thread-0] [31mWARN [0;39m io.vertx.sqlclient.impl.SocketConnectionBase - Backend notice: severity='NOTICE', code='00000', message='table "t_schema" does not exist, skipping', detail='null', hint='null', position='null', internalPosition='null', internalQuery='null', where='null', file='tablecmds.c', line='1184', routine='DropErrorMsgNonExistent', schema='null', table='null', column='null', dataType='null', constraint='null'
2020-04-12 20:59:34.026 [vert.x-eventloop-thread-0] [31mWARN [0;39m io.vertx.sqlclient.impl.SocketConnectionBase - Backend notice: severity='NOTICE', code='00000', message='table "t_remoteapi" does not exist, skipping', detail='null', hint='null', position='null', internalPosition='null', internalQuery='null', where='null', file='tablecmds.c', line='1184', routine='DropErrorMsgNonExistent', schema='null', table='null', column='null', dataType='null', constraint='null'
2020-04-12 20:59:34.056 [vert.x-eventloop-thread-0] [31mWARN [0;39m io.vertx.sqlclient.impl.SocketConnectionBase - Backend notice: severity='NOTICE', code='00000', message='table "t_uniqueconstraint" does not exist, skipping', detail='null', hint='null', position='null', internalPosition='null', internalQuery='null', where='null', file='tablecmds.c', line='1184', routine='DropErrorMsgNonExistent', schema='null', table='null', column='null', dataType='null', constraint='null'
2020-04-12 20:59:34.098 [vert.x-eventloop-thread-0] [31mWARN [0;39m io.vertx.sqlclient.impl.SocketConnectionBase - Backend notice: severity='NOTICE', code='00000', message='table "t_remoteendpoint" does not exist, skipping', detail='null', hint='null', position='null', internalPosition='null', internalQuery='null', where='null', file='tablecmds.c', line='1184', routine='DropErrorMsgNonExistent', schema='null', table='null', column='null', dataType='null', constraint='null'
2020-04-12 20:59:34.137 [vert.x-eventloop-thread-0] [31mWARN [0;39m io.vertx.sqlclient.impl.SocketConnectionBase - Backend notice: severity='NOTICE', code='00000', message='table "t_enumelement" does not exist, skipping', detail='null', hint='null', position='null', internalPosition='null', internalQuery='null', where='null', file='tablecmds.c', line='1184', routine='DropErrorMsgNonExistent', schema='null', table='null', column='null', dataType='null', constraint='null'
2020-04-12 20:59:34.182 [vert.x-eventloop-thread-0] [31mWARN [0;39m io.vertx.sqlclient.impl.SocketConnectionBase - Backend notice: severity='NOTICE', code='00000', message='table "t_datasource" does not exist, skipping', detail='null', hint='null', position='null', internalPosition='null', internalQuery='null', where='null', file='tablecmds.c', line='1184', routine='DropErrorMsgNonExistent', schema='null', table='null', column='null', dataType='null', constraint='null'
2020-04-12 20:59:34.199 [vert.x-eventloop-thread-0] [31mWARN [0;39m io.vertx.sqlclient.impl.SocketConnectionBase - Backend notice: severity='NOTICE', code='00000', message='table "t_relationfield" does not exist, skipping', detail='null', hint='null', position='null', internalPosition='null', internalQuery='null', where='null', file='tablecmds.c', line='1184', routine='DropErrorMsgNonExistent', schema='null', table='null', column='null', dataType='null', constraint='null'
2020-04-12 20:59:34.233 [vert.x-eventloop-thread-0] [31mWARN [0;39m io.vertx.sqlclient.impl.SocketConnectionBase - Backend notice: severity='NOTICE', code='00000', message='table "t_trigger" does not exist, skipping', detail='null', hint='null', position='null', internalPosition='null', internalQuery='null', where='null', file='tablecmds.c', line='1184', routine='DropErrorMsgNonExistent', schema='null', table='null', column='null', dataType='null', constraint='null'
2020-04-12 20:59:34.269 [vert.x-eventloop-thread-0] [31mWARN [0;39m io.vertx.sqlclient.impl.SocketConnectionBase - Backend notice: severity='NOTICE', code='00000', message='table "t_schemametadata" does not exist, skipping', detail='null', hint='null', position='null', internalPosition='null', internalQuery='null', where='null', file='tablecmds.c', line='1184', routine='DropErrorMsgNonExistent', schema='null', table='null', column='null', dataType='null', constraint='null'
2020-04-12 20:59:34.304 [vert.x-eventloop-thread-0] [31mWARN [0;39m io.vertx.sqlclient.impl.SocketConnectionBase - Backend notice: severity='NOTICE', code='00000', message='table "t_enumtype" does not exist, skipping', detail='null', hint='null', position='null', internalPosition='null', internalQuery='null', where='null', file='tablecmds.c', line='1184', routine='DropErrorMsgNonExistent', schema='null', table='null', column='null', dataType='null', constraint='null'
2020-04-12 20:59:34.370 [vert.x-eventloop-thread-0] [31mWARN [0;39m io.vertx.sqlclient.impl.SocketConnectionBase - Backend notice: severity='NOTICE', code='00000', message='table "t_triggerhistory" does not exist, skipping', detail='null', hint='null', position='null', internalPosition='null', internalQuery='null', where='null', file='tablecmds.c', line='1184', routine='DropErrorMsgNonExistent', schema='null', table='null', column='null', dataType='null', constraint='null'
2020-04-12 20:59:34.461 [vert.x-eventloop-thread-0] [31mWARN [0;39m io.vertx.sqlclient.impl.SocketConnectionBase - Backend notice: severity='NOTICE', code='00000', message='table "t_thirdapi" does not exist, skipping', detail='null', hint='null', position='null', internalPosition='null', internalQuery='null', where='null', file='tablecmds.c', line='1184', routine='DropErrorMsgNonExistent', schema='null', table='null', column='null', dataType='null', constraint='null'
2020-04-12 20:59:36.407 [main] [31mWARN [0;39m org.thymeleaf.templatemode.TemplateMode - [THYMELEAF][main] Template Mode 'HTML5' is deprecated. Using Template Mode 'HTML' instead.
2020-04-12 20:59:41.125 [main] [34mINFO [0;39m o.s.boot.web.embedded.netty.NettyWebServer - Netty started on port(s): 9995
2020-04-12 20:59:41.137 [main] [34mINFO [0;39m com.easygql.GraphqlSpringBootApplication - Started GraphqlSpringBootApplication in 15.961 seconds (JVM running for 17.494)
2020-04-12 21:02:03.515 [reactor-http-epoll-4] [34mINFO [0;39m com.easygql.handler.WebSocketSessionHandler - {"logType":"I10001","message":"Subscription Initialization"}
2020-04-12 21:05:07.445 [reactor-http-epoll-4] [34mINFO [0;39m com.easygql.handler.WebSocketSessionHandler - {"logType":"I10002","detail":{"session_id":"139131f3"},"message":"Session Close!"}
2020-04-12 21:05:07.447 [reactor-http-epoll-4] [34mINFO [0;39m com.easygql.handler.WebSocketSessionHandler - {"logType":"I10002","detail":{"session_id":"139131f3"},"message":"Session Close!"}
